<?xml version="1.0" encoding="UTF-8"?>
<!-- Generated by org.testng.reporters.JUnitReportReporter -->
<testsuite hostname="DESKTOP-TKHHJCC" failures="0" tests="1" name="pack.HP_ValidateNavigationBarTest" time="0.068" errors="0" timestamp="10 Mar 2020 03:29:54 GMT">
  <testcase classname="pack.HP_ValidateNavigationBarTest" name="basePageNavigation" time="0.068"/>
</testsuite> <!-- pack.HP_ValidateNavigationBarTest -->
