<?xml version="1.0" encoding="UTF-8"?>
<!-- Generated by org.testng.reporters.JUnitReportReporter -->
<testsuite hostname="DESKTOP-TKHHJCC" failures="0" tests="2" name="pack.LoginnPageTest" time="2.065" errors="0" timestamp="10 Mar 2020 03:29:54 GMT">
  <testcase classname="pack.LoginnPageTest" name="loginPage" time="0.306"/>
  <testcase classname="pack.LoginnPageTest" name="loginPage" time="1.759"/>
</testsuite> <!-- pack.LoginnPageTest -->
