<?xml version="1.0" encoding="UTF-8"?>
<!-- Generated by org.testng.reporters.JUnitReportReporter -->
<testsuite hostname="DESKTOP-TKHHJCC" failures="0" tests="1" name="pack.HomePage" time="13.546" errors="0" timestamp="7 Mar 2020 21:00:30 GMT">
  <testcase classname="pack.HomePage" name="basePageNavigation" time="13.546"/>
</testsuite> <!-- pack.HomePage -->
