<?xml version="1.0" encoding="UTF-8"?>
<!-- Generated by org.testng.reporters.JUnitReportReporter -->
<testsuite hostname="DESKTOP-TKHHJCC" failures="0" tests="2" name="pack.LoginnPageTest" time="2.041" errors="0" timestamp="10 Mar 2020 03:50:59 GMT">
  <testcase classname="pack.LoginnPageTest" name="loginPage" time="0.285"/>
  <testcase classname="pack.LoginnPageTest" name="loginPage" time="1.756"/>
</testsuite> <!-- pack.LoginnPageTest -->
