<?xml version="1.0" encoding="UTF-8"?>
<!-- Generated by org.testng.reporters.JUnitReportReporter -->
<testsuite hostname="DESKTOP-TKHHJCC" failures="0" tests="1" name="pack.HP_ValidateFreeCancellationTextTest" time="0.069" errors="0" timestamp="10 Mar 2020 03:50:59 GMT">
  <testcase classname="pack.HP_ValidateFreeCancellationTextTest" name="basePageNavigation" time="0.069"/>
</testsuite> <!-- pack.HP_ValidateFreeCancellationTextTest -->
